[2026-01-23T18:01:41.167+0000] {taskinstance.py:1956} INFO - Dependencies all met for dep_context=non-requeueable deps ti=<TaskInstance: ETL_TASKFLOW.transform scheduled__2026-01-23T16:15:00+00:00 [queued]>
[2026-01-23T18:01:41.179+0000] {taskinstance.py:1956} INFO - Dependencies all met for dep_context=requeueable deps ti=<TaskInstance: ETL_TASKFLOW.transform scheduled__2026-01-23T16:15:00+00:00 [queued]>
[2026-01-23T18:01:41.179+0000] {taskinstance.py:2170} INFO - Starting attempt 1 of 1
[2026-01-23T18:01:41.196+0000] {taskinstance.py:2191} INFO - Executing <Task(_PythonDecoratedOperator): transform> on 2026-01-23 16:15:00+00:00
[2026-01-23T18:01:41.202+0000] {standard_task_runner.py:60} INFO - Started process 990 to run task
[2026-01-23T18:01:41.209+0000] {standard_task_runner.py:87} INFO - Running: ['***', 'tasks', 'run', 'ETL_TASKFLOW', 'transform', 'scheduled__2026-01-23T16:15:00+00:00', '--job-id', '61', '--raw', '--subdir', 'DAGS_FOLDER/ETL.py', '--cfg-path', '/tmp/tmpirjo_gv_']
[2026-01-23T18:01:41.213+0000] {standard_task_runner.py:88} INFO - Job 61: Subtask transform
[2026-01-23T18:01:41.285+0000] {task_command.py:423} INFO - Running <TaskInstance: ETL_TASKFLOW.transform scheduled__2026-01-23T16:15:00+00:00 [running]> on host d6104de25333
[2026-01-23T18:01:41.407+0000] {taskinstance.py:2480} INFO - Exporting env vars: AIRFLOW_CTX_DAG_OWNER='***' AIRFLOW_CTX_DAG_ID='ETL_TASKFLOW' AIRFLOW_CTX_TASK_ID='transform' AIRFLOW_CTX_EXECUTION_DATE='2026-01-23T16:15:00+00:00' AIRFLOW_CTX_TRY_NUMBER='1' AIRFLOW_CTX_DAG_RUN_ID='scheduled__2026-01-23T16:15:00+00:00'
[2026-01-23T18:01:42.056+0000] {local_task_job_runner.py:121} ERROR - Received SIGTERM. Terminating subprocesses
[2026-01-23T18:01:42.061+0000] {process_utils.py:131} INFO - Sending 15 to group 990. PIDs of all processes in the group: [991, 990]
[2026-01-23T18:01:42.062+0000] {process_utils.py:86} INFO - Sending the signal 15 to group 990
[2026-01-23T18:01:42.065+0000] {taskinstance.py:2450} ERROR - Received SIGTERM. Terminating subprocesses.
[2026-01-23T18:01:42.407+0000] {taskinstance.py:2698} ERROR - Task failed with exception
Traceback (most recent call last):
  File "/home/airflow/.local/lib/python3.8/site-packages/airflow/models/taskinstance.py", line 433, in _execute_task
    result = execute_callable(context=context, **execute_callable_kwargs)
  File "/home/airflow/.local/lib/python3.8/site-packages/airflow/decorators/base.py", line 241, in execute
    return_value = super().execute(context)
  File "/home/airflow/.local/lib/python3.8/site-packages/airflow/operators/python.py", line 199, in execute
    return_value = self.execute_callable()
  File "/home/airflow/.local/lib/python3.8/site-packages/airflow/operators/python.py", line 216, in execute_callable
    return self.python_callable(*self.op_args, **self.op_kwargs)
  File "/opt/airflow/dags/ETL.py", line 59, in transform
    spark = get_spark()
  File "/opt/airflow/dags/ETL.py", line 19, in get_spark
    return SparkSession.builder \
  File "/home/airflow/.local/lib/python3.8/site-packages/pyspark/sql/session.py", line 497, in getOrCreate
    sc = SparkContext.getOrCreate(sparkConf)
  File "/home/airflow/.local/lib/python3.8/site-packages/pyspark/context.py", line 515, in getOrCreate
    SparkContext(conf=conf or SparkConf())
  File "/home/airflow/.local/lib/python3.8/site-packages/pyspark/context.py", line 201, in __init__
    SparkContext._ensure_initialized(self, gateway=gateway, conf=conf)
  File "/home/airflow/.local/lib/python3.8/site-packages/pyspark/context.py", line 436, in _ensure_initialized
    SparkContext._gateway = gateway or launch_gateway(conf)
  File "/home/airflow/.local/lib/python3.8/site-packages/pyspark/java_gateway.py", line 104, in launch_gateway
    time.sleep(0.1)
  File "/home/airflow/.local/lib/python3.8/site-packages/airflow/models/taskinstance.py", line 2452, in signal_handler
    raise AirflowException("Task received SIGTERM signal")
airflow.exceptions.AirflowException: Task received SIGTERM signal
[2026-01-23T18:01:42.415+0000] {taskinstance.py:1138} INFO - Marking task as FAILED. dag_id=ETL_TASKFLOW, task_id=transform, execution_date=20260123T161500, start_date=20260123T180141, end_date=20260123T180142
[2026-01-23T18:01:42.438+0000] {standard_task_runner.py:107} ERROR - Failed to execute job 61 for task transform (Task received SIGTERM signal; 990)
[2026-01-23T18:01:42.494+0000] {process_utils.py:79} INFO - Process psutil.Process(pid=991, status='terminated', started='18:01:40') (991) terminated with exit code None
[2026-01-23T18:01:42.495+0000] {process_utils.py:79} INFO - Process psutil.Process(pid=990, status='terminated', exitcode=1, started='18:01:40') (990) terminated with exit code 1
[2026-01-23T18:01:42.497+0000] {local_task_job_runner.py:234} INFO - Task exited with return code 143
[2026-01-23T18:01:42.540+0000] {taskinstance.py:3280} INFO - 0 downstream tasks scheduled from follow-on schedule check
