[2026-01-23T11:14:45.216+0000] {taskinstance.py:1956} INFO - Dependencies all met for dep_context=non-requeueable deps ti=<TaskInstance: ml_pipeline.load_data scheduled__2026-01-22T00:00:00+00:00 [queued]>
[2026-01-23T11:14:45.227+0000] {taskinstance.py:1956} INFO - Dependencies all met for dep_context=requeueable deps ti=<TaskInstance: ml_pipeline.load_data scheduled__2026-01-22T00:00:00+00:00 [queued]>
[2026-01-23T11:14:45.228+0000] {taskinstance.py:2170} INFO - Starting attempt 1 of 2
[2026-01-23T11:14:45.244+0000] {taskinstance.py:2191} INFO - Executing <Task(PythonOperator): load_data> on 2026-01-22 00:00:00+00:00
[2026-01-23T11:14:45.251+0000] {standard_task_runner.py:60} INFO - Started process 592 to run task
[2026-01-23T11:14:45.255+0000] {standard_task_runner.py:87} INFO - Running: ['***', 'tasks', 'run', 'ml_pipeline', 'load_data', 'scheduled__2026-01-22T00:00:00+00:00', '--job-id', '3', '--raw', '--subdir', 'DAGS_FOLDER/ml_pipeline.py', '--cfg-path', '/tmp/tmpnv5dh5x3']
[2026-01-23T11:14:45.257+0000] {standard_task_runner.py:88} INFO - Job 3: Subtask load_data
[2026-01-23T11:14:45.318+0000] {task_command.py:423} INFO - Running <TaskInstance: ml_pipeline.load_data scheduled__2026-01-22T00:00:00+00:00 [running]> on host 0e061312f598
[2026-01-23T11:14:45.409+0000] {taskinstance.py:2480} INFO - Exporting env vars: AIRFLOW_CTX_DAG_OWNER='***' AIRFLOW_CTX_DAG_ID='ml_pipeline' AIRFLOW_CTX_TASK_ID='load_data' AIRFLOW_CTX_EXECUTION_DATE='2026-01-22T00:00:00+00:00' AIRFLOW_CTX_TRY_NUMBER='1' AIRFLOW_CTX_DAG_RUN_ID='scheduled__2026-01-22T00:00:00+00:00'
[2026-01-23T11:14:50.179+0000] {taskinstance.py:2698} ERROR - Task failed with exception
Traceback (most recent call last):
  File "/home/airflow/.local/lib/python3.8/site-packages/airflow/models/taskinstance.py", line 433, in _execute_task
    result = execute_callable(context=context, **execute_callable_kwargs)
  File "/home/airflow/.local/lib/python3.8/site-packages/airflow/operators/python.py", line 199, in execute
    return_value = self.execute_callable()
  File "/home/airflow/.local/lib/python3.8/site-packages/airflow/operators/python.py", line 216, in execute_callable
    return self.python_callable(*self.op_args, **self.op_kwargs)
  File "/opt/airflow/dags/ml_pipeline.py", line 33, in load_data
    df = spark.read.parquet(SILVER_PATH)
  File "/home/airflow/.local/lib/python3.8/site-packages/pyspark/sql/readwriter.py", line 544, in parquet
    return self._df(self._jreader.parquet(_to_seq(self._spark._sc, paths)))
  File "/home/airflow/.local/lib/python3.8/site-packages/py4j/java_gateway.py", line 1322, in __call__
    return_value = get_return_value(
  File "/home/airflow/.local/lib/python3.8/site-packages/pyspark/errors/exceptions/captured.py", line 185, in deco
    raise converted from None
pyspark.errors.exceptions.captured.AnalysisException: [PATH_NOT_FOUND] Path does not exist: file:/opt/airflow/data/silver.
[2026-01-23T11:14:50.208+0000] {taskinstance.py:1138} INFO - Marking task as UP_FOR_RETRY. dag_id=ml_pipeline, task_id=load_data, execution_date=20260122T000000, start_date=20260123T111445, end_date=20260123T111450
[2026-01-23T11:14:50.230+0000] {standard_task_runner.py:107} ERROR - Failed to execute job 3 for task load_data ([PATH_NOT_FOUND] Path does not exist: file:/opt/airflow/data/silver.; 592)
[2026-01-23T11:14:50.272+0000] {local_task_job_runner.py:234} INFO - Task exited with return code 1
[2026-01-23T11:14:50.314+0000] {taskinstance.py:3280} INFO - 0 downstream tasks scheduled from follow-on schedule check
