[2026-01-21T22:51:29.554+0000] {taskinstance.py:1956} INFO - Dependencies all met for dep_context=non-requeueable deps ti=<TaskInstance: ETL_TASKFLOW.extract manual__2026-01-21T22:51:24.925439+00:00 [queued]>
[2026-01-21T22:51:29.566+0000] {taskinstance.py:1956} INFO - Dependencies all met for dep_context=requeueable deps ti=<TaskInstance: ETL_TASKFLOW.extract manual__2026-01-21T22:51:24.925439+00:00 [queued]>
[2026-01-21T22:51:29.566+0000] {taskinstance.py:2170} INFO - Starting attempt 1 of 1
[2026-01-21T22:51:29.585+0000] {taskinstance.py:2191} INFO - Executing <Task(_PythonDecoratedOperator): extract> on 2026-01-21 22:51:24.925439+00:00
[2026-01-21T22:51:29.590+0000] {standard_task_runner.py:60} INFO - Started process 3376 to run task
[2026-01-21T22:51:29.596+0000] {standard_task_runner.py:87} INFO - Running: ['***', 'tasks', 'run', 'ETL_TASKFLOW', 'extract', 'manual__2026-01-21T22:51:24.925439+00:00', '--job-id', '12', '--raw', '--subdir', 'DAGS_FOLDER/ETL.py', '--cfg-path', '/tmp/tmpsp60da2c']
[2026-01-21T22:51:29.599+0000] {standard_task_runner.py:88} INFO - Job 12: Subtask extract
[2026-01-21T22:51:29.654+0000] {task_command.py:423} INFO - Running <TaskInstance: ETL_TASKFLOW.extract manual__2026-01-21T22:51:24.925439+00:00 [running]> on host 12bb70b277a2
[2026-01-21T22:51:29.751+0000] {taskinstance.py:2480} INFO - Exporting env vars: AIRFLOW_CTX_DAG_OWNER='***' AIRFLOW_CTX_DAG_ID='ETL_TASKFLOW' AIRFLOW_CTX_TASK_ID='extract' AIRFLOW_CTX_EXECUTION_DATE='2026-01-21T22:51:24.925439+00:00' AIRFLOW_CTX_TRY_NUMBER='1' AIRFLOW_CTX_DAG_RUN_ID='manual__2026-01-21T22:51:24.925439+00:00'
[2026-01-21T22:51:40.573+0000] {python.py:201} INFO - Done. Returned value was: DataFrame[open_time: timestamp, open: double, high: double, low: double, close: double, volume: double, close_time: timestamp, quote_asset_volume: double, number_of_trades: bigint, taker_buy_base_volume: double, taker_buy_quote_volume: double, ignore: string]
[2026-01-21T22:51:40.588+0000] {xcom.py:664} ERROR - Object of type DataFrame is not JSON serializable. If you are using pickle instead of JSON for XCom, then you need to enable pickle support for XCom in your *** config or make sure to decorate your object with attr.
[2026-01-21T22:51:40.591+0000] {taskinstance.py:2698} ERROR - Task failed with exception
Traceback (most recent call last):
  File "/home/airflow/.local/lib/python3.8/site-packages/airflow/utils/json.py", line 91, in default
    return serialize(o)
  File "/home/airflow/.local/lib/python3.8/site-packages/airflow/serialization/serde.py", line 180, in serialize
    raise TypeError(f"cannot serialize object of type {cls}")
TypeError: cannot serialize object of type <class 'pyspark.sql.dataframe.DataFrame'>

During handling of the above exception, another exception occurred:

Traceback (most recent call last):
  File "/home/airflow/.local/lib/python3.8/site-packages/airflow/models/taskinstance.py", line 440, in _execute_task
    task_instance.xcom_push(key=XCOM_RETURN_KEY, value=xcom_value, session=session)
  File "/home/airflow/.local/lib/python3.8/site-packages/airflow/utils/session.py", line 76, in wrapper
    return func(*args, **kwargs)
  File "/home/airflow/.local/lib/python3.8/site-packages/airflow/models/taskinstance.py", line 2980, in xcom_push
    XCom.set(
  File "/home/airflow/.local/lib/python3.8/site-packages/airflow/utils/session.py", line 76, in wrapper
    return func(*args, **kwargs)
  File "/home/airflow/.local/lib/python3.8/site-packages/airflow/models/xcom.py", line 247, in set
    value = cls.serialize_value(
  File "/home/airflow/.local/lib/python3.8/site-packages/airflow/models/xcom.py", line 662, in serialize_value
    return json.dumps(value, cls=XComEncoder).encode("UTF-8")
  File "/usr/local/lib/python3.8/json/__init__.py", line 234, in dumps
    return cls(
  File "/home/airflow/.local/lib/python3.8/site-packages/airflow/utils/json.py", line 104, in encode
    return super().encode(o)
  File "/usr/local/lib/python3.8/json/encoder.py", line 199, in encode
    chunks = self.iterencode(o, _one_shot=True)
  File "/usr/local/lib/python3.8/json/encoder.py", line 257, in iterencode
    return _iterencode(o, 0)
  File "/home/airflow/.local/lib/python3.8/site-packages/airflow/utils/json.py", line 93, in default
    return super().default(o)
  File "/usr/local/lib/python3.8/json/encoder.py", line 179, in default
    raise TypeError(f'Object of type {o.__class__.__name__} '
TypeError: Object of type DataFrame is not JSON serializable
[2026-01-21T22:51:40.606+0000] {taskinstance.py:1138} INFO - Marking task as FAILED. dag_id=ETL_TASKFLOW, task_id=extract, execution_date=20260121T225124, start_date=20260121T225129, end_date=20260121T225140
[2026-01-21T22:51:40.627+0000] {standard_task_runner.py:107} ERROR - Failed to execute job 12 for task extract (Object of type DataFrame is not JSON serializable; 3376)
[2026-01-21T22:51:40.676+0000] {local_task_job_runner.py:234} INFO - Task exited with return code 1
[2026-01-21T22:51:40.723+0000] {taskinstance.py:3280} INFO - 0 downstream tasks scheduled from follow-on schedule check
