[2026-01-23T11:23:30.094+0000] {taskinstance.py:1956} INFO - Dependencies all met for dep_context=non-requeueable deps ti=<TaskInstance: ml_pipeline.load_data manual__2026-01-23T11:18:12.583283+00:00 [queued]>
[2026-01-23T11:23:30.110+0000] {taskinstance.py:1956} INFO - Dependencies all met for dep_context=requeueable deps ti=<TaskInstance: ml_pipeline.load_data manual__2026-01-23T11:18:12.583283+00:00 [queued]>
[2026-01-23T11:23:30.110+0000] {taskinstance.py:2170} INFO - Starting attempt 2 of 2
[2026-01-23T11:23:30.138+0000] {taskinstance.py:2191} INFO - Executing <Task(PythonOperator): load_data> on 2026-01-23 11:18:12.583283+00:00
[2026-01-23T11:23:30.148+0000] {standard_task_runner.py:60} INFO - Started process 4407 to run task
[2026-01-23T11:23:30.156+0000] {standard_task_runner.py:87} INFO - Running: ['***', 'tasks', 'run', 'ml_pipeline', 'load_data', 'manual__2026-01-23T11:18:12.583283+00:00', '--job-id', '14', '--raw', '--subdir', 'DAGS_FOLDER/ml_pipeline.py', '--cfg-path', '/tmp/tmpnxntd143']
[2026-01-23T11:23:30.160+0000] {standard_task_runner.py:88} INFO - Job 14: Subtask load_data
[2026-01-23T11:23:30.239+0000] {task_command.py:423} INFO - Running <TaskInstance: ml_pipeline.load_data manual__2026-01-23T11:18:12.583283+00:00 [running]> on host 0e061312f598
[2026-01-23T11:23:30.381+0000] {taskinstance.py:2480} INFO - Exporting env vars: AIRFLOW_CTX_DAG_OWNER='***' AIRFLOW_CTX_DAG_ID='ml_pipeline' AIRFLOW_CTX_TASK_ID='load_data' AIRFLOW_CTX_EXECUTION_DATE='2026-01-23T11:18:12.583283+00:00' AIRFLOW_CTX_TRY_NUMBER='2' AIRFLOW_CTX_DAG_RUN_ID='manual__2026-01-23T11:18:12.583283+00:00'
[2026-01-23T11:23:36.506+0000] {taskinstance.py:2698} ERROR - Task failed with exception
Traceback (most recent call last):
  File "/home/airflow/.local/lib/python3.8/site-packages/airflow/models/taskinstance.py", line 433, in _execute_task
    result = execute_callable(context=context, **execute_callable_kwargs)
  File "/home/airflow/.local/lib/python3.8/site-packages/airflow/operators/python.py", line 199, in execute
    return_value = self.execute_callable()
  File "/home/airflow/.local/lib/python3.8/site-packages/airflow/operators/python.py", line 216, in execute_callable
    return self.python_callable(*self.op_args, **self.op_kwargs)
  File "/opt/airflow/dags/ml_pipeline.py", line 33, in load_data
    df = spark.read.parquet(SILVER_PATH)
  File "/home/airflow/.local/lib/python3.8/site-packages/pyspark/sql/readwriter.py", line 544, in parquet
    return self._df(self._jreader.parquet(_to_seq(self._spark._sc, paths)))
  File "/home/airflow/.local/lib/python3.8/site-packages/py4j/java_gateway.py", line 1322, in __call__
    return_value = get_return_value(
  File "/home/airflow/.local/lib/python3.8/site-packages/pyspark/errors/exceptions/captured.py", line 185, in deco
    raise converted from None
pyspark.errors.exceptions.captured.AnalysisException: [PATH_NOT_FOUND] Path does not exist: file:/opt/airflow/data/silver.
[2026-01-23T11:23:36.539+0000] {taskinstance.py:1138} INFO - Marking task as FAILED. dag_id=ml_pipeline, task_id=load_data, execution_date=20260123T111812, start_date=20260123T112330, end_date=20260123T112336
[2026-01-23T11:23:36.571+0000] {standard_task_runner.py:107} ERROR - Failed to execute job 14 for task load_data ([PATH_NOT_FOUND] Path does not exist: file:/opt/airflow/data/silver.; 4407)
[2026-01-23T11:23:36.625+0000] {local_task_job_runner.py:234} INFO - Task exited with return code 1
[2026-01-23T11:23:36.671+0000] {taskinstance.py:3280} INFO - 0 downstream tasks scheduled from follow-on schedule check
