[2026-01-21T10:30:03.893+0000] {taskinstance.py:1956} INFO - Dependencies all met for dep_context=non-requeueable deps ti=<TaskInstance: ETL.Extract_data scheduled__2026-01-21T10:15:00+00:00 [queued]>
[2026-01-21T10:30:03.902+0000] {taskinstance.py:1956} INFO - Dependencies all met for dep_context=requeueable deps ti=<TaskInstance: ETL.Extract_data scheduled__2026-01-21T10:15:00+00:00 [queued]>
[2026-01-21T10:30:03.903+0000] {taskinstance.py:2170} INFO - Starting attempt 1 of 1
[2026-01-21T10:30:03.920+0000] {taskinstance.py:2191} INFO - Executing <Task(PythonOperator): Extract_data> on 2026-01-21 10:15:00+00:00
[2026-01-21T10:30:03.926+0000] {standard_task_runner.py:60} INFO - Started process 99 to run task
[2026-01-21T10:30:03.931+0000] {standard_task_runner.py:87} INFO - Running: ['***', 'tasks', 'run', 'ETL', 'Extract_data', 'scheduled__2026-01-21T10:15:00+00:00', '--job-id', '8', '--raw', '--subdir', 'DAGS_FOLDER/ETL.py', '--cfg-path', '/tmp/tmpawyyqj4_']
[2026-01-21T10:30:03.934+0000] {standard_task_runner.py:88} INFO - Job 8: Subtask Extract_data
[2026-01-21T10:30:03.997+0000] {task_command.py:423} INFO - Running <TaskInstance: ETL.Extract_data scheduled__2026-01-21T10:15:00+00:00 [running]> on host d6a8c67c486d
[2026-01-21T10:30:04.088+0000] {taskinstance.py:2480} INFO - Exporting env vars: AIRFLOW_CTX_DAG_OWNER='***' AIRFLOW_CTX_DAG_ID='ETL' AIRFLOW_CTX_TASK_ID='Extract_data' AIRFLOW_CTX_EXECUTION_DATE='2026-01-21T10:15:00+00:00' AIRFLOW_CTX_TRY_NUMBER='1' AIRFLOW_CTX_DAG_RUN_ID='scheduled__2026-01-21T10:15:00+00:00'
[2026-01-21T10:30:08.095+0000] {taskinstance.py:2698} ERROR - Task failed with exception
Traceback (most recent call last):
  File "/home/airflow/.local/lib/python3.8/site-packages/urllib3/connection.py", line 174, in _new_conn
    conn = connection.create_connection(
  File "/home/airflow/.local/lib/python3.8/site-packages/urllib3/util/connection.py", line 72, in create_connection
    for res in socket.getaddrinfo(host, port, family, socket.SOCK_STREAM):
  File "/usr/local/lib/python3.8/socket.py", line 918, in getaddrinfo
    for res in _socket.getaddrinfo(host, port, family, type, proto, flags):
socket.gaierror: [Errno -5] No address associated with hostname

During handling of the above exception, another exception occurred:

Traceback (most recent call last):
  File "/home/airflow/.local/lib/python3.8/site-packages/urllib3/connectionpool.py", line 715, in urlopen
    httplib_response = self._make_request(
  File "/home/airflow/.local/lib/python3.8/site-packages/urllib3/connectionpool.py", line 404, in _make_request
    self._validate_conn(conn)
  File "/home/airflow/.local/lib/python3.8/site-packages/urllib3/connectionpool.py", line 1058, in _validate_conn
    conn.connect()
  File "/home/airflow/.local/lib/python3.8/site-packages/urllib3/connection.py", line 363, in connect
    self.sock = conn = self._new_conn()
  File "/home/airflow/.local/lib/python3.8/site-packages/urllib3/connection.py", line 186, in _new_conn
    raise NewConnectionError(
urllib3.exceptions.NewConnectionError: <urllib3.connection.HTTPSConnection object at 0x7fc67cbb3bb0>: Failed to establish a new connection: [Errno -5] No address associated with hostname

During handling of the above exception, another exception occurred:

Traceback (most recent call last):
  File "/home/airflow/.local/lib/python3.8/site-packages/requests/adapters.py", line 486, in send
    resp = conn.urlopen(
  File "/home/airflow/.local/lib/python3.8/site-packages/urllib3/connectionpool.py", line 799, in urlopen
    retries = retries.increment(
  File "/home/airflow/.local/lib/python3.8/site-packages/urllib3/util/retry.py", line 592, in increment
    raise MaxRetryError(_pool, url, error or ResponseError(cause))
urllib3.exceptions.MaxRetryError: HTTPSConnectionPool(host='api.binance.com', port=443): Max retries exceeded with url: /api/v3/klines?symbol=BTCUSDT&interval=1m&limit=15 (Caused by NewConnectionError('<urllib3.connection.HTTPSConnection object at 0x7fc67cbb3bb0>: Failed to establish a new connection: [Errno -5] No address associated with hostname'))

During handling of the above exception, another exception occurred:

Traceback (most recent call last):
  File "/home/airflow/.local/lib/python3.8/site-packages/airflow/models/taskinstance.py", line 433, in _execute_task
    result = execute_callable(context=context, **execute_callable_kwargs)
  File "/home/airflow/.local/lib/python3.8/site-packages/airflow/operators/python.py", line 199, in execute
    return_value = self.execute_callable()
  File "/home/airflow/.local/lib/python3.8/site-packages/airflow/operators/python.py", line 216, in execute_callable
    return self.python_callable(*self.op_args, **self.op_kwargs)
  File "/opt/airflow/dags/ETL.py", line 139, in Extract_Data
    df = data_collection_api(15, "1m", "BTCUSDT")
  File "/opt/airflow/dags/ETL.py", line 17, in data_collection_api
    response = requests.get(
  File "/home/airflow/.local/lib/python3.8/site-packages/requests/api.py", line 73, in get
    return request("get", url, params=params, **kwargs)
  File "/home/airflow/.local/lib/python3.8/site-packages/requests/api.py", line 59, in request
    return session.request(method=method, url=url, **kwargs)
  File "/home/airflow/.local/lib/python3.8/site-packages/requests/sessions.py", line 589, in request
    resp = self.send(prep, **send_kwargs)
  File "/home/airflow/.local/lib/python3.8/site-packages/requests/sessions.py", line 703, in send
    r = adapter.send(request, **kwargs)
  File "/home/airflow/.local/lib/python3.8/site-packages/requests/adapters.py", line 519, in send
    raise ConnectionError(e, request=request)
requests.exceptions.ConnectionError: HTTPSConnectionPool(host='api.binance.com', port=443): Max retries exceeded with url: /api/v3/klines?symbol=BTCUSDT&interval=1m&limit=15 (Caused by NewConnectionError('<urllib3.connection.HTTPSConnection object at 0x7fc67cbb3bb0>: Failed to establish a new connection: [Errno -5] No address associated with hostname'))
[2026-01-21T10:30:08.121+0000] {taskinstance.py:1138} INFO - Marking task as FAILED. dag_id=ETL, task_id=Extract_data, execution_date=20260121T101500, start_date=20260121T103003, end_date=20260121T103008
[2026-01-21T10:30:08.139+0000] {standard_task_runner.py:107} ERROR - Failed to execute job 8 for task Extract_data (HTTPSConnectionPool(host='api.binance.com', port=443): Max retries exceeded with url: /api/v3/klines?symbol=BTCUSDT&interval=1m&limit=15 (Caused by NewConnectionError('<urllib3.connection.HTTPSConnection object at 0x7fc67cbb3bb0>: Failed to establish a new connection: [Errno -5] No address associated with hostname')); 99)
[2026-01-21T10:30:08.168+0000] {local_task_job_runner.py:234} INFO - Task exited with return code 1
[2026-01-21T10:30:08.195+0000] {taskinstance.py:3280} INFO - 0 downstream tasks scheduled from follow-on schedule check
